07/Apr/2022:21:25:01 560 [My_Main.java] [INFO] SciCal.My_Main [FACTORIAL] - 5
07/Apr/2022:21:25:01 566 [My_Main.java] [INFO] SciCal.My_Main [RESULT - FACTORIAL] - 120.0
07/Apr/2022:21:25:01 567 [My_Main.java] [INFO] SciCal.My_Main [LOG] - 245.256
07/Apr/2022:21:25:01 568 [My_Main.java] [INFO] SciCal.My_Main [RESULT - LOG] - 5.502302562978017
07/Apr/2022:21:25:01 569 [My_Main.java] [INFO] SciCal.My_Main [ROOT] - 16.0
07/Apr/2022:21:25:01 569 [My_Main.java] [INFO] SciCal.My_Main [RESULT - ROOT] - 4.0
07/Apr/2022:21:25:01 570 [My_Main.java] [INFO] SciCal.My_Main [LOG] - 145.256
07/Apr/2022:21:25:01 571 [My_Main.java] [INFO] SciCal.My_Main [RESULT - LOG] - 4.978497702968366
07/Apr/2022:21:25:01 571 [My_Main.java] [INFO] SciCal.My_Main [POWER] - 3.0, 2.0
07/Apr/2022:21:25:01 572 [My_Main.java] [INFO] SciCal.My_Main [RESULT - POWER] - 9.0
07/Apr/2022:21:25:01 572 [My_Main.java] [INFO] SciCal.My_Main [FACTORIAL] - 6
07/Apr/2022:21:25:01 573 [My_Main.java] [INFO] SciCal.My_Main [RESULT - FACTORIAL] - 720.0
07/Apr/2022:21:25:01 574 [My_Main.java] [INFO] SciCal.My_Main [POWER] - 2.0, 3.0
07/Apr/2022:21:25:01 574 [My_Main.java] [INFO] SciCal.My_Main [RESULT - POWER] - 8.0
07/Apr/2022:21:25:01 574 [My_Main.java] [INFO] SciCal.My_Main [ROOT] - 17.0
07/Apr/2022:21:25:01 575 [My_Main.java] [INFO] SciCal.My_Main [RESULT - ROOT] - 4.123105625617661
07/Apr/2022:21:30:58 254 [My_Main.java] [INFO] SciCal.My_Main [ROOT] - 25.0
07/Apr/2022:21:30:58 260 [My_Main.java] [INFO] SciCal.My_Main [RESULT - ROOT] - 5.0
07/Apr/2022:21:31:25 461 [My_Main.java] [INFO] SciCal.My_Main [FACTORIAL] - 5
07/Apr/2022:21:31:25 469 [My_Main.java] [INFO] SciCal.My_Main [RESULT - FACTORIAL] - 120.0
07/Apr/2022:21:31:46 403 [My_Main.java] [INFO] SciCal.My_Main [LOG] - 100.0
07/Apr/2022:21:31:46 409 [My_Main.java] [INFO] SciCal.My_Main [RESULT - LOG] - 4.605170185988092
07/Apr/2022:21:32:14 329 [My_Main.java] [INFO] SciCal.My_Main [POWER] - 2.0, 5.0
07/Apr/2022:21:32:14 335 [My_Main.java] [INFO] SciCal.My_Main [RESULT - POWER] - 32.0
17/Apr/2022:15:06:02 828 [My_Main.java] [INFO] SciCal.My_Main [FACTORIAL] - 5
17/Apr/2022:15:06:02 833 [My_Main.java] [INFO] SciCal.My_Main [RESULT - FACTORIAL] - 120.0
17/Apr/2022:15:06:02 834 [My_Main.java] [INFO] SciCal.My_Main [LOG] - 245.256
17/Apr/2022:15:06:02 834 [My_Main.java] [INFO] SciCal.My_Main [RESULT - LOG] - 5.502302562978017
17/Apr/2022:15:06:02 835 [My_Main.java] [INFO] SciCal.My_Main [ROOT] - 16.0
17/Apr/2022:15:06:02 835 [My_Main.java] [INFO] SciCal.My_Main [RESULT - ROOT] - 4.0
17/Apr/2022:15:06:02 836 [My_Main.java] [INFO] SciCal.My_Main [LOG] - 145.256
17/Apr/2022:15:06:02 836 [My_Main.java] [INFO] SciCal.My_Main [RESULT - LOG] - 4.978497702968366
17/Apr/2022:15:06:02 837 [My_Main.java] [INFO] SciCal.My_Main [POWER] - 3.0, 2.0
17/Apr/2022:15:06:02 838 [My_Main.java] [INFO] SciCal.My_Main [RESULT - POWER] - 9.0
17/Apr/2022:15:06:02 838 [My_Main.java] [INFO] SciCal.My_Main [FACTORIAL] - 6
17/Apr/2022:15:06:02 839 [My_Main.java] [INFO] SciCal.My_Main [RESULT - FACTORIAL] - 720.0
17/Apr/2022:15:06:02 840 [My_Main.java] [INFO] SciCal.My_Main [POWER] - 2.0, 3.0
17/Apr/2022:15:06:02 840 [My_Main.java] [INFO] SciCal.My_Main [RESULT - POWER] - 8.0
17/Apr/2022:15:06:02 841 [My_Main.java] [INFO] SciCal.My_Main [ROOT] - 17.0
17/Apr/2022:15:06:02 841 [My_Main.java] [INFO] SciCal.My_Main [RESULT - ROOT] - 4.123105625617661
17/Apr/2022:15:06:48 894 [My_Main.java] [INFO] SciCal.My_Main [POWER] - 2.0, 3.0
17/Apr/2022:15:06:48 900 [My_Main.java] [INFO] SciCal.My_Main [RESULT - POWER] - 8.0
17/Apr/2022:15:06:56 476 [My_Main.java] [INFO] SciCal.My_Main [FACTORIAL] - 8
17/Apr/2022:15:06:56 483 [My_Main.java] [INFO] SciCal.My_Main [RESULT - FACTORIAL] - 40320.0
17/Apr/2022:15:07:04 115 [My_Main.java] [INFO] SciCal.My_Main [LOG] - 4.0
17/Apr/2022:15:07:04 119 [My_Main.java] [INFO] SciCal.My_Main [RESULT - LOG] - 1.3862943611198906
17/Apr/2022:15:07:11 380 [My_Main.java] [INFO] SciCal.My_Main [ROOT] - 5.0
17/Apr/2022:15:07:11 385 [My_Main.java] [INFO] SciCal.My_Main [RESULT - ROOT] - 2.23606797749979
17/Apr/2022:15:07:17 729 [My_Main.java] [INFO] SciCal.My_Main [FACTORIAL] - 99
17/Apr/2022:15:07:17 737 [My_Main.java] [INFO] SciCal.My_Main [RESULT - FACTORIAL] - 9.33262154439441E155
17/Apr/2022:15:07:38 659 [My_Main.java] [INFO] SciCal.My_Main [POWER] - 4.0, 9.0
17/Apr/2022:15:07:38 664 [My_Main.java] [INFO] SciCal.My_Main [RESULT - POWER] - 262144.0
17/Apr/2022:15:07:58 968 [My_Main.java] [INFO] SciCal.My_Main [ROOT] - 990.0
17/Apr/2022:15:07:58 973 [My_Main.java] [INFO] SciCal.My_Main [RESULT - ROOT] - 31.464265445104548
17/Apr/2022:15:08:04 509 [My_Main.java] [INFO] SciCal.My_Main [ROOT] - 225.0
17/Apr/2022:15:08:04 514 [My_Main.java] [INFO] SciCal.My_Main [RESULT - ROOT] - 15.0
17/Apr/2022:15:08:12 645 [My_Main.java] [INFO] SciCal.My_Main [FACTORIAL] - 21
17/Apr/2022:15:08:12 653 [My_Main.java] [INFO] SciCal.My_Main [RESULT - FACTORIAL] - 5.109094217170944E19
17/Apr/2022:15:08:22 495 [My_Main.java] [INFO] SciCal.My_Main [LOG] - 890.0
17/Apr/2022:15:08:22 501 [My_Main.java] [INFO] SciCal.My_Main [RESULT - LOG] - 6.7912214627261855
