[INFO ] 2023-03-30 21:08:09.416 [main] My_Main - [FACTORIAL] - 5
[INFO ] 2023-03-30 21:08:09.420 [main] My_Main - [RESULT - FACTORIAL] - 120.0
[INFO ] 2023-03-30 21:08:09.420 [main] My_Main - [LOG] - 245.256
[INFO ] 2023-03-30 21:08:09.420 [main] My_Main - [RESULT - LOG] - 5.502302562978017
[INFO ] 2023-03-30 21:08:09.421 [main] My_Main - [ROOT] - 16.0
[INFO ] 2023-03-30 21:08:09.421 [main] My_Main - [RESULT - ROOT] - 4.0
[INFO ] 2023-03-30 21:08:09.421 [main] My_Main - [LOG] - 145.256
[INFO ] 2023-03-30 21:08:09.421 [main] My_Main - [RESULT - LOG] - 4.978497702968366
[INFO ] 2023-03-30 21:08:09.422 [main] My_Main - [POWER] - 3.0, 2.0
[INFO ] 2023-03-30 21:08:09.422 [main] My_Main - [RESULT - POWER] - 9.0
[INFO ] 2023-03-30 21:08:09.422 [main] My_Main - [FACTORIAL] - 6
[INFO ] 2023-03-30 21:08:09.422 [main] My_Main - [RESULT - FACTORIAL] - 720.0
[INFO ] 2023-03-30 21:08:09.423 [main] My_Main - [POWER] - 2.0, 3.0
[INFO ] 2023-03-30 21:08:09.423 [main] My_Main - [RESULT - POWER] - 8.0
[INFO ] 2023-03-30 21:08:09.423 [main] My_Main - [ROOT] - 17.0
[INFO ] 2023-03-30 21:08:09.423 [main] My_Main - [RESULT - ROOT] - 4.123105625617661
[INFO ] 2023-03-30 21:08:20.179 [main] My_Main - [FACTORIAL] - 5
[INFO ] 2023-03-30 21:08:20.183 [main] My_Main - [RESULT - FACTORIAL] - 120.0
[INFO ] 2023-03-30 21:08:20.183 [main] My_Main - [LOG] - 245.256
[INFO ] 2023-03-30 21:08:20.184 [main] My_Main - [RESULT - LOG] - 5.502302562978017
[INFO ] 2023-03-30 21:08:20.184 [main] My_Main - [ROOT] - 16.0
[INFO ] 2023-03-30 21:08:20.184 [main] My_Main - [RESULT - ROOT] - 4.0
[INFO ] 2023-03-30 21:08:20.184 [main] My_Main - [LOG] - 145.256
[INFO ] 2023-03-30 21:08:20.184 [main] My_Main - [RESULT - LOG] - 4.978497702968366
[INFO ] 2023-03-30 21:08:20.185 [main] My_Main - [POWER] - 3.0, 2.0
[INFO ] 2023-03-30 21:08:20.185 [main] My_Main - [RESULT - POWER] - 9.0
[INFO ] 2023-03-30 21:08:20.185 [main] My_Main - [FACTORIAL] - 6
[INFO ] 2023-03-30 21:08:20.185 [main] My_Main - [RESULT - FACTORIAL] - 720.0
[INFO ] 2023-03-30 21:08:20.186 [main] My_Main - [POWER] - 2.0, 3.0
[INFO ] 2023-03-30 21:08:20.186 [main] My_Main - [RESULT - POWER] - 8.0
[INFO ] 2023-03-30 21:08:20.186 [main] My_Main - [ROOT] - 17.0
[INFO ] 2023-03-30 21:08:20.186 [main] My_Main - [RESULT - ROOT] - 4.123105625617661
